# JRE version: Java(TM) SE Runtime Environment (8.0_152-b16) (build 1.8.0_152-b16)
# Java VM: Java HotSpot(TM) 64-Bit Server VM (25.152-b16 mixed mode windows-amd64 compressed oops)
Heap:
 PSYoungGen      total 342528K, used 166428K [0x00000000d6000000, 0x00000000ebe00000, 0x0000000100000000)
  eden space 330752K, 50% used [0x00000000d6000000,0x00000000e0287110,0x00000000ea300000)
  from space 11776K, 0% used [0x00000000eb080000,0x00000000eb080000,0x00000000ebc00000)
  to   space 13824K, 0% used [0x00000000ea300000,0x00000000ea300000,0x00000000eb080000)
 ParOldGen       total 65024K, used 52280K [0x0000000082000000, 0x0000000085f80000, 0x00000000d6000000)
  object space 65024K, 80% used [0x0000000082000000,0x000000008530e2d8,0x0000000085f80000)
 Metaspace       used 55880K, capacity 58717K, committed 58968K, reserved 1099776K
  class space    used 7479K, capacity 8163K, committed 8280K, reserved 1048576K
GC Heap History (10 events):
Event: 32.364 GC heap before
{Heap before GC invocations=10 (full 1):
 PSYoungGen      total 240128K, used 137491K [0x00000000d6000000, 0x00000000e5800000, 0x0000000100000000)
  eden space 230912K, 55% used [0x00000000d6000000,0x00000000ddd4a108,0x00000000e4180000)
  from space 9216K, 99% used [0x00000000e4f00000,0x00000000e57fade0,0x00000000e5800000)
  to   space 10752K, 0% used [0x00000000e4300000,0x00000000e4300000,0x00000000e4d80000)
 ParOldGen       total 48128K, used 8994K [0x0000000082000000, 0x0000000084f00000, 0x00000000d6000000)
  object space 48128K, 18% used [0x0000000082000000,0x00000000828c88c0,0x0000000084f00000)
 Metaspace       used 33923K, capacity 35381K, committed 35416K, reserved 1079296K
  class space    used 4373K, capacity 4661K, committed 4696K, reserved 1048576K
Event: 32.374 GC heap after
Heap after GC invocations=10 (full 1):
 PSYoungGen      total 243200K, used 9470K [0x00000000d6000000, 0x00000000ebc00000, 0x0000000100000000)
  eden space 232448K, 0% used [0x00000000d6000000,0x00000000d6000000,0x00000000e4300000)
  from space 10752K, 88% used [0x00000000e4300000,0x00000000e4c3f830,0x00000000e4d80000)
  to   space 11776K, 0% used [0x00000000eb080000,0x00000000eb080000,0x00000000ebc00000)
 ParOldGen       total 48128K, used 9002K [0x0000000082000000, 0x0000000084f00000, 0x00000000d6000000)
  object space 48128K, 18% used [0x0000000082000000,0x00000000828ca8c0,0x0000000084f00000)
 Metaspace       used 33923K, capacity 35381K, committed 35416K, reserved 1079296K
  class space    used 4373K, capacity 4661K, committed 4696K, reserved 1048576K
}
Event: 32.374 GC heap before
{Heap before GC invocations=11 (full 2):
 PSYoungGen      total 243200K, used 9470K [0x00000000d6000000, 0x00000000ebc00000, 0x0000000100000000)
  eden space 232448K, 0% used [0x00000000d6000000,0x00000000d6000000,0x00000000e4300000)
  from space 10752K, 88% used [0x00000000e4300000,0x00000000e4c3f830,0x00000000e4d80000)
  to   space 11776K, 0% used [0x00000000eb080000,0x00000000eb080000,0x00000000ebc00000)
 ParOldGen       total 48128K, used 9002K [0x0000000082000000, 0x0000000084f00000, 0x00000000d6000000)
  object space 48128K, 18% used [0x0000000082000000,0x00000000828ca8c0,0x0000000084f00000)
 Metaspace       used 33923K, capacity 35381K, committed 35416K, reserved 1079296K
  class space    used 4373K, capacity 4661K, committed 4696K, reserved 1048576K
Event: 32.427 GC heap after
Heap after GC invocations=11 (full 2):
 PSYoungGen      total 243200K, used 0K [0x00000000d6000000, 0x00000000ebc00000, 0x0000000100000000)
  eden space 232448K, 0% used [0x00000000d6000000,0x00000000d6000000,0x00000000e4300000)
  from space 10752K, 0% used [0x00000000e4300000,0x00000000e4300000,0x00000000e4d80000)
  to   space 11776K, 0% used [0x00000000eb080000,0x00000000eb080000,0x00000000ebc00000)
 ParOldGen       total 65024K, used 14606K [0x0000000082000000, 0x0000000085f80000, 0x00000000d6000000)
  object space 65024K, 22% used [0x0000000082000000,0x0000000082e43a08,0x0000000085f80000)
 Metaspace       used 33923K, capacity 35381K, committed 35416K, reserved 1079296K
  class space    used 4373K, capacity 4661K, committed 4696K, reserved 1048576K
}
Event: 52.119 GC heap before
{Heap before GC invocations=12 (full 2):
 PSYoungGen      total 243200K, used 232448K [0x00000000d6000000, 0x00000000ebc00000, 0x0000000100000000)
  eden space 232448K, 100% used [0x00000000d6000000,0x00000000e4300000,0x00000000e4300000)
  from space 10752K, 0% used [0x00000000e4300000,0x00000000e4300000,0x00000000e4d80000)
  to   space 11776K, 0% used [0x00000000eb080000,0x00000000eb080000,0x00000000ebc00000)
 ParOldGen       total 65024K, used 14606K [0x0000000082000000, 0x0000000085f80000, 0x00000000d6000000)
  object space 65024K, 22% used [0x0000000082000000,0x0000000082e43a08,0x0000000085f80000)
 Metaspace       used 44957K, capacity 47093K, committed 47320K, reserved 1089536K
  class space    used 5789K, capacity 6257K, committed 6360K, reserved 1048576K
Event: 52.136 GC heap after
Heap after GC invocations=12 (full 2):
 PSYoungGen      total 342528K, used 11773K [0x00000000d6000000, 0x00000000ebe00000, 0x0000000100000000)
  eden space 330752K, 0% used [0x00000000d6000000,0x00000000d6000000,0x00000000ea300000)
  from space 11776K, 99% used [0x00000000eb080000,0x00000000ebbff608,0x00000000ebc00000)
  to   space 13824K, 0% used [0x00000000ea300000,0x00000000ea300000,0x00000000eb080000)
 ParOldGen       total 65024K, used 16630K [0x0000000082000000, 0x0000000085f80000, 0x00000000d6000000)
  object space 65024K, 25% used [0x0000000082000000,0x000000008303d900,0x0000000085f80000)
 Metaspace       used 44957K, capacity 47093K, committed 47320K, reserved 1089536K
  class space    used 5789K, capacity 6257K, committed 6360K, reserved 1048576K
}
Event: 68.113 GC heap before
{Heap before GC invocations=13 (full 2):
 PSYoungGen      total 342528K, used 342525K [0x00000000d6000000, 0x00000000ebe00000, 0x0000000100000000)
  eden space 330752K, 100% used [0x00000000d6000000,0x00000000ea300000,0x00000000ea300000)
  from space 11776K, 99% used [0x00000000eb080000,0x00000000ebbff608,0x00000000ebc00000)
  to   space 13824K, 0% used [0x00000000ea300000,0x00000000ea300000,0x00000000eb080000)
 ParOldGen       total 65024K, used 16630K [0x0000000082000000, 0x0000000085f80000, 0x00000000d6000000)
  object space 65024K, 25% used [0x0000000082000000,0x000000008303d900,0x0000000085f80000)
 Metaspace       used 54978K, capacity 57815K, committed 57944K, reserved 1099776K
  class space    used 7336K, capacity 8002K, committed 8024K, reserved 1048576K
Event: 68.714 GC heap after
Heap after GC invocations=13 (full 2):
 PSYoungGen      total 342528K, used 342525K [0x00000000d6000000, 0x00000000ebe00000, 0x0000000100000000)
  eden space 330752K, 100% used [0x00000000d6000000,0x00000000ea300000,0x00000000ea300000)
  from space 11776K, 99% used [0x00000000eb080000,0x00000000ebbff608,0x00000000ebc00000)
  to   space 13824K, 99% used [0x00000000ea300000,0x00000000eb07cdc0,0x00000000eb080000)
 ParOldGen       total 65024K, used 56776K [0x0000000082000000, 0x0000000085f80000, 0x00000000d6000000)
  object space 65024K, 87% used [0x0000000082000000,0x0000000085772300,0x0000000085f80000)
 Metaspace       used 54978K, capacity 57815K, committed 57944K, reserved 1099776K
  class space    used 7336K, capacity 8002K, committed 8024K, reserved 1048576K
}
Event: 68.714 GC heap before
{Heap before GC invocations=14 (full 3):
 PSYoungGen      total 342528K, used 342525K [0x00000000d6000000, 0x00000000ebe00000, 0x0000000100000000)
  eden space 330752K, 100% used [0x00000000d6000000,0x00000000ea300000,0x00000000ea300000)
  from space 11776K, 99% used [0x00000000eb080000,0x00000000ebbff608,0x00000000ebc00000)
  to   space 13824K, 99% used [0x00000000ea300000,0x00000000eb07cdc0,0x00000000eb080000)
 ParOldGen       total 65024K, used 56776K [0x0000000082000000, 0x0000000085f80000, 0x00000000d6000000)
  object space 65024K, 87% used [0x0000000082000000,0x0000000085772300,0x0000000085f80000)
 Metaspace       used 54978K, capacity 57815K, committed 57944K, reserved 1099776K
  class space    used 7336K, capacity 8002K, committed 8024K, reserved 1048576K
Event: 69.579 GC heap after
Heap after GC invocations=14 (full 3):
 PSYoungGen      total 342528K, used 78805K [0x00000000d6000000, 0x00000000ebe00000, 0x0000000100000000)
  eden space 330752K, 23% used [0x00000000d6000000,0x00000000dacf5750,0x00000000ea300000)
  from space 11776K, 0% used [0x00000000eb080000,0x00000000eb080000,0x00000000ebc00000)
  to   space 13824K, 0% used [0x00000000ea300000,0x00000000ea300000,0x00000000eb080000)
 ParOldGen       total 65024K, used 52280K [0x0000000082000000, 0x0000000085f80000, 0x00000000d6000000)
  object space 65024K, 80% used [0x0000000082000000,0x000000008530e2d8,0x0000000085f80000)
 Metaspace       used 54973K, capacity 57805K, committed 57944K, reserved 1099776K
  class space    used 7334K, capacity 7999K, committed 8024K, reserved 1048576K
}

